{"C:\\Users\\nipru\\OneDrive\\Робочий стіл\\3 курс (2)\\IT\\Cinema1\\js\\cinemaLogic.js": {"path":"C:\\Users\\nipru\\OneDrive\\Робочий стіл\\3 курс (2)\\IT\\Cinema1\\js\\cinemaLogic.js","statementMap":{"0":{"start":{"line":1,"column":21},"end":{"line":1,"column":24}},"1":{"start":{"line":4,"column":2},"end":{"line":4,"column":33}},"2":{"start":{"line":8,"column":21},"end":{"line":8,"column":31}},"3":{"start":{"line":9,"column":2},"end":{"line":9,"column":39}},"4":{"start":{"line":13,"column":21},"end":{"line":13,"column":49}},"5":{"start":{"line":14,"column":2},"end":{"line":14,"column":39}},"6":{"start":{"line":18,"column":2},"end":{"line":18,"column":23}},"7":{"start":{"line":22,"column":2},"end":{"line":22,"column":28}},"8":{"start":{"line":26,"column":2},"end":{"line":26,"column":45}}},"fnMap":{"0":{"name":"validateName","decl":{"start":{"line":3,"column":16},"end":{"line":3,"column":28}},"loc":{"start":{"line":3,"column":35},"end":{"line":5,"column":1}},"line":3},"1":{"name":"validatePhone","decl":{"start":{"line":7,"column":16},"end":{"line":7,"column":29}},"loc":{"start":{"line":7,"column":37},"end":{"line":10,"column":1}},"line":7},"2":{"name":"validateEmail","decl":{"start":{"line":12,"column":16},"end":{"line":12,"column":29}},"loc":{"start":{"line":12,"column":37},"end":{"line":15,"column":1}},"line":12},"3":{"name":"calculatePrice","decl":{"start":{"line":17,"column":16},"end":{"line":17,"column":30}},"loc":{"start":{"line":17,"column":38},"end":{"line":19,"column":1}},"line":17},"4":{"name":"getStorageKey","decl":{"start":{"line":21,"column":16},"end":{"line":21,"column":29}},"loc":{"start":{"line":21,"column":43},"end":{"line":23,"column":1}},"line":21},"5":{"name":"saveBookedSeats","decl":{"start":{"line":25,"column":16},"end":{"line":25,"column":31}},"loc":{"start":{"line":25,"column":61},"end":{"line":27,"column":null}},"line":25}},"branchMap":{},"s":{"0":1,"1":2,"2":2,"3":2,"4":2,"5":2,"6":1,"7":1,"8":1},"f":{"0":2,"1":2,"2":2,"3":1,"4":1,"5":1},"b":{},"meta":{"lastBranch":0,"lastFunction":6,"lastStatement":9,"seen":{"s:1:21:1:24":0,"f:3:16:3:28":0,"s:4:2:4:33":1,"f:7:16:7:29":1,"s:8:21:8:31":2,"s:9:2:9:39":3,"f:12:16:12:29":2,"s:13:21:13:49":4,"s:14:2:14:39":5,"f:17:16:17:30":3,"s:18:2:18:23":6,"f:21:16:21:29":4,"s:22:2:22:28":7,"f:25:16:25:31":5,"s:26:2:26:45":8}}}
}
